<?xml version="1.0" encoding="UTF-8"?>
<testng-results ignored="0" total="1" passed="1" failed="0" skipped="0">
  <reporter-output>
  </reporter-output>
  <suite started-at="2023-02-23T17:19:00 IST" name="Default suite" finished-at="2023-02-23T17:19:08 IST" duration-ms="7973">
    <groups>
    </groups>
    <test started-at="2023-02-23T17:19:00 IST" name="Default test" finished-at="2023-02-23T17:19:08 IST" duration-ms="7973">
      <class name="testVagrantTest.testCases">
        <test-method is-config="true" signature="setUp()[pri:0, instance:testVagrantTest.testCases@55183b20]" started-at="2023-02-23T17:19:00 IST" name="setUp" finished-at="2023-02-23T17:19:03 IST" duration-ms="2219" status="PASS">
          <reporter-output>
          </reporter-output>
        </test-method> <!-- setUp -->
        <test-method signature="imdbandwikitest()[pri:0, instance:testVagrantTest.testCases@55183b20]" started-at="2023-02-23T17:19:03 IST" name="imdbandwikitest" finished-at="2023-02-23T17:19:08 IST" duration-ms="5485" status="PASS">
          <reporter-output>
          </reporter-output>
        </test-method> <!-- imdbandwikitest -->
        <test-method is-config="true" signature="teardown()[pri:0, instance:testVagrantTest.testCases@55183b20]" started-at="2023-02-23T17:19:08 IST" name="teardown" finished-at="2023-02-23T17:19:08 IST" duration-ms="215" status="PASS">
          <reporter-output>
          </reporter-output>
        </test-method> <!-- teardown -->
      </class> <!-- testVagrantTest.testCases -->
    </test> <!-- Default test -->
  </suite> <!-- Default suite -->
</testng-results>
